This is XeTeX, Version 3.14159265-2.6-0.999992 (MiKTeX 2.9.7440 64-bit) (preloaded format=xelatex 2020.5.28)  11 AUG 2020 20:18
entering extended mode
**./main.tex
(main.tex
LaTeX2e <2020-02-02> patch level 5
L3 programming layer <2020-05-15>
("C:\Users\c-baillie\AppData\Local\Programs\MiKTeX 2.9\tex/latex/base\report.cl
s"
Document Class: report 2019/12/20 v1.4l Standard LaTeX document class

("C:\Users\c-baillie\AppData\Local\Programs\MiKTeX 2.9\tex/latex/base\size10.cl
o"
File: size10.clo 2019/12/20 v1.4l Standard LaTeX file (size option)
)
\c@part=\count163
\c@chapter=\count164
\c@section=\count165
\c@subsection=\count166
\c@subsubsection=\count167
\c@paragraph=\count168
\c@subparagraph=\count169
\c@figure=\count170
\c@table=\count171
\abovecaptionskip=\skip47
\belowcaptionskip=\skip48
\bibindent=\dimen134
)
("C:\Users\c-baillie\AppData\Local\Programs\MiKTeX 2.9\tex/latex/graphics\graph
icx.sty"
Package: graphicx 2019/11/30 v1.2a Enhanced LaTeX Graphics (DPC,SPQR)

("C:\Users\c-baillie\AppData\Local\Programs\MiKTeX 2.9\tex/latex/graphics\keyva
l.sty"
Package: keyval 2014/10/28 v1.15 key=value parser (DPC)
\KV@toks@=\toks15
)
("C:\Users\c-baillie\AppData\Local\Programs\MiKTeX 2.9\tex/latex/graphics\graph
ics.sty"
Package: graphics 2019/11/30 v1.4a Standard LaTeX Graphics (DPC,SPQR)

("C:\Users\c-baillie\AppData\Local\Programs\MiKTeX 2.9\tex/latex/graphics\trig.
sty"
Package: trig 2016/01/03 v1.10 sin cos tan (DPC)
)
("C:\Users\c-baillie\AppData\Local\Programs\MiKTeX 2.9\tex/latex/graphics-cfg\g
raphics.cfg"
File: graphics.cfg 2016/06/04 v1.11 sample graphics configuration
)
Package graphics Info: Driver file: xetex.def on input line 105.

("C:\Users\c-baillie\AppData\Local\Programs\MiKTeX 2.9\tex/latex/graphics-def\x
etex.def"
File: xetex.def 2017/06/24 v5.0h Graphics/color driver for xetex
))
\Gin@req@height=\dimen135
\Gin@req@width=\dimen136
)
("C:\Users\c-baillie\AppData\Local\Programs\MiKTeX 2.9\tex/latex/graphics\color
.sty"
Package: color 2019/11/23 v1.2a Standard LaTeX Color (DPC)

("C:\Users\c-baillie\AppData\Local\Programs\MiKTeX 2.9\tex/latex/graphics-cfg\c
olor.cfg"
File: color.cfg 2016/01/02 v1.6 sample color configuration
)
Package color Info: Driver file: xetex.def on input line 147.
)
("C:\Users\c-baillie\AppData\Local\Programs\MiKTeX 2.9\tex/latex/framed\framed.
sty"
Package: framed 2011/10/22 v 0.96: framed or shaded text with page breaks
\OuterFrameSep=\skip49
\fb@frw=\dimen137
\fb@frh=\dimen138
\FrameRule=\dimen139
\FrameSep=\dimen140
)
("C:\Users\c-baillie\AppData\Local\Programs\MiKTeX 2.9\tex/latex/base\alltt.sty
"
Package: alltt 1997/06/16 v2.0g defines alltt environment
)
("C:\Users\c-baillie\AppData\Local\Programs\MiKTeX 2.9\tex/latex/geometry\geome
try.sty"
Package: geometry 2020/01/02 v5.9 Page Geometry

("C:\Users\c-baillie\AppData\Local\Programs\MiKTeX 2.9\tex/generic/iftex\ifvtex
.sty"
Package: ifvtex 2019/10/25 v1.7 ifvtex legacy package. Use iftex instead.

("C:\Users\c-baillie\AppData\Local\Programs\MiKTeX 2.9\tex/generic/iftex\iftex.
sty"
Package: iftex 2020/03/06 v1.0d TeX engine tests
))
\Gm@cnth=\count172
\Gm@cntv=\count173
\c@Gm@tempcnt=\count174
\Gm@bindingoffset=\dimen141
\Gm@wd@mp=\dimen142
\Gm@odd@mp=\dimen143
\Gm@even@mp=\dimen144
\Gm@layoutwidth=\dimen145
\Gm@layoutheight=\dimen146
\Gm@layouthoffset=\dimen147
\Gm@layoutvoffset=\dimen148
\Gm@dimlist=\toks16

("C:\Users\c-baillie\AppData\Local\Programs\MiKTeX 2.9\tex/xelatex/xetexconfig\
geometry.cfg"))
("C:\Users\c-baillie\AppData\Local\Programs\MiKTeX 2.9\tex/latex/fontspec\fonts
pec.sty"
("C:\Users\c-baillie\AppData\Local\Programs\MiKTeX 2.9\tex/latex/l3packages/xpa
rse\xparse.sty"
("C:\Users\c-baillie\AppData\Local\Programs\MiKTeX 2.9\tex/latex/l3kernel\expl3
.sty"
Package: expl3 2020-05-15 L3 programming layer (loader) 

("C:\Users\c-baillie\AppData\Local\Programs\MiKTeX 2.9\tex/latex/l3backend\l3ba
ckend-xdvipdfmx.def"
File: l3backend-xdvipdfmx.def 2020-05-05 L3 backend support: xdvipdfmx
\g__graphics_track_int=\count175
\l__pdf_internal_box=\box45
\g__pdf_backend_object_int=\count176
\g__pdf_backend_annotation_int=\count177
))
Package: xparse 2020-05-15 L3 Experimental document command parser

("C:\Users\c-baillie\AppData\Local\Programs\MiKTeX 2.9\tex/latex/l3packages/xpa
rse\xparse-generic.tex"
\l__xparse_current_arg_int=\count178
\g__xparse_grabber_int=\count179
\l__xparse_m_args_int=\count180
\l__xparse_v_nesting_int=\count181
))
Package: fontspec 2020/02/21 v2.7i Font selection for XeLaTeX and LuaLaTeX

("C:\Users\c-baillie\AppData\Local\Programs\MiKTeX 2.9\tex/latex/fontspec\fonts
pec-xetex.sty"
Package: fontspec-xetex 2020/02/21 v2.7i Font selection for XeLaTeX and LuaLaTe
X
\l__fontspec_script_int=\count182
\l__fontspec_language_int=\count183
\l__fontspec_strnum_int=\count184
\l__fontspec_tmp_int=\count185
\l__fontspec_tmpa_int=\count186
\l__fontspec_tmpb_int=\count187
\l__fontspec_tmpc_int=\count188
\l__fontspec_em_int=\count189
\l__fontspec_emdef_int=\count190
\l__fontspec_strong_int=\count191
\l__fontspec_strongdef_int=\count192
\l__fontspec_tmpa_dim=\dimen149
\l__fontspec_tmpb_dim=\dimen150
\l__fontspec_tmpc_dim=\dimen151

("C:\Users\c-baillie\AppData\Local\Programs\MiKTeX 2.9\tex/latex/base\fontenc.s
ty"
Package: fontenc 2020/02/11 v2.0o Standard LaTeX package
)
("C:\Users\c-baillie\AppData\Local\Programs\MiKTeX 2.9\tex/latex/fontspec\fonts
pec.cfg")))

Package fontspec Info: Could not resolve font "GDS Transport Website/I" (it
(fontspec)             probably doesn't exist).


Package fontspec Info: Font family 'GDSTransportWebsite(0)' created for font
(fontspec)             'GDS Transport Website' with options
(fontspec)             [Ligatures=TeX,SlantedFont=*,SlantedFeatures={FakeSlant=
0.2}].
(fontspec)              
(fontspec)              This font family consists of the following NFSS
(fontspec)             series/shapes:
(fontspec)              
(fontspec)             - 'normal' (m/n) with NFSS spec.: <->"GDS Transport
(fontspec)             Website/OT:script=latn;language=dflt;mapping=tex-text;"
(fontspec)             - 'small caps'  (m/sc) with NFSS spec.: 
(fontspec)             - 'bold' (b/n) with NFSS spec.: <->"GDS Transport
(fontspec)             Website/B/OT:script=latn;language=dflt;mapping=tex-text;
"
(fontspec)             - 'bold small caps'  (b/sc) with NFSS spec.: 
(fontspec)             - 'slanted' (m/sl) with NFSS spec.: <->"GDS Transport
(fontspec)             Website/OT:script=latn;language=dflt;slant=0.2;mapping=t
ex-text;"
(fontspec)             - 'slanted small caps'  (m/scsl) with NFSS spec.: 
(fontspec)             - 'bold italic' (b/it) with NFSS spec.: <->"GDS
(fontspec)             Transport
(fontspec)             Website/BI/OT:script=latn;language=dflt;mapping=tex-text
;"
(fontspec)             - 'bold italic small caps'  (b/scit) with NFSS spec.: 
(fontspec)             - 'bold slanted' (b/sl) with NFSS spec.: <->"GDS
(fontspec)             Transport
(fontspec)             Website/B/OT:script=latn;language=dflt;mapping=tex-text;
"
(fontspec)             - 'bold slanted small caps'  (b/scsl) with NFSS spec.: 


("C:\Users\c-baillie\AppData\Local\Programs\MiKTeX 2.9\tex/latex/amsfonts\amssy
mb.sty"
Package: amssymb 2013/01/14 v3.01 AMS font symbols

("C:\Users\c-baillie\AppData\Local\Programs\MiKTeX 2.9\tex/latex/amsfonts\amsfo
nts.sty"
Package: amsfonts 2013/01/14 v3.01 Basic AMSFonts support
\@emptytoks=\toks17
\symAMSa=\mathgroup4
\symAMSb=\mathgroup5
LaTeX Font Info:    Redeclaring math symbol \hbar on input line 98.
LaTeX Font Info:    Overwriting math alphabet `\mathfrak' in version `bold'
(Font)                  U/euf/m/n --> U/euf/b/n on input line 106.
))
("C:\Users\c-baillie\AppData\Local\Programs\MiKTeX 2.9\tex/latex/easylist\easyl
ist.sty"
Package: easylist 2014/01/11 v.1.4 Numbered items with a single command.
\el@CounterTotal=\count193
\el@Scratch=\count194
\el@ControlCounter=\count195
\el@CounterLevel=\count196
\c@List1=\count197
\c@List2=\count198
\c@List3=\count199
\c@List4=\count266
\c@List5=\count267
\c@List6=\count268
\c@List7=\count269
\c@List8=\count270
\c@List9=\count271
\c@List10=\count272
\el@ProgressiveDimension=\dimen152
\el@CounterBox=\box46
\el@ControlBox=\box47
\el@TotalMargin=\dimen153
\el@LeftMove=\dimen154
)
("C:\Users\c-baillie\AppData\Local\Programs\MiKTeX 2.9\tex/latex/xcolor\xcolor.
sty"
Package: xcolor 2016/05/11 v2.12 LaTeX color extensions (UK)

("C:\Users\c-baillie\AppData\Local\Programs\MiKTeX 2.9\tex/latex/graphics-cfg\c
olor.cfg"
File: color.cfg 2016/01/02 v1.6 sample color configuration
)
Package xcolor Info: Driver file: xetex.def on input line 225.

("C:\Users\c-baillie\AppData\Local\Programs\MiKTeX 2.9\tex/latex/colortbl\color
tbl.sty"
Package: colortbl 2020/01/04 v1.0e Color table columns (DPC)

("C:\Users\c-baillie\AppData\Local\Programs\MiKTeX 2.9\tex/latex/tools\array.st
y"
Package: array 2019/08/31 v2.4l Tabular extension package (FMi)
\col@sep=\dimen155
\ar@mcellbox=\box48
\extrarowheight=\dimen156
\NC@list=\toks18
\extratabsurround=\skip50
\backup@length=\skip51
\ar@cellbox=\box49
)
\everycr=\toks19
\minrowclearance=\skip52
)
LaTeX Info: Redefining \color on input line 709.
\rownum=\count273
Package xcolor Info: Model `cmy' substituted by `cmy0' on input line 1348.
Package xcolor Info: Model `RGB' extended on input line 1364.
Package xcolor Info: Model `HTML' substituted by `rgb' on input line 1366.
Package xcolor Info: Model `Hsb' substituted by `hsb' on input line 1367.
Package xcolor Info: Model `tHsb' substituted by `hsb' on input line 1368.
Package xcolor Info: Model `HSB' substituted by `hsb' on input line 1369.
Package xcolor Info: Model `Gray' substituted by `gray' on input line 1370.
Package xcolor Info: Model `wave' substituted by `hsb' on input line 1371.

("C:\Users\c-baillie\AppData\Local\Programs\MiKTeX 2.9\tex/latex/xcolor\svgnam.
def"
File: svgnam.def 2016/05/11 v2.12 Predefined colors according to SVG 1.1 (UK)
))
("C:\Users\c-baillie\AppData\Local\Programs\MiKTeX 2.9\tex/latex/caption\captio
n.sty"
Package: caption 2020/05/10 v3.4j Customizing captions (AR)

("C:\Users\c-baillie\AppData\Local\Programs\MiKTeX 2.9\tex/latex/caption\captio
n3.sty"
Package: caption3 2020/05/10 v1.11 caption3 kernel (AR)
Package caption3 Info: TeX engine: e-TeX on input line 61.
\captionmargin=\dimen157
\captionmargin@=\dimen158
\captionwidth=\dimen159
\caption@tempdima=\dimen160
\caption@indent=\dimen161
\caption@parindent=\dimen162
\caption@hangindent=\dimen163
Package caption Info: Standard document class detected.
)
\c@caption@flags=\count274
\c@continuedfloat=\count275
)
("C:\Users\c-baillie\AppData\Local\Programs\MiKTeX 2.9\tex/latex/hyperref\hyper
ref.sty"
Package: hyperref 2020-05-15 v7.00e Hypertext links for LaTeX

("C:\Users\c-baillie\AppData\Local\Programs\MiKTeX 2.9\tex/generic/ltxcmds\ltxc
mds.sty"
Package: ltxcmds 2019/12/15 v1.24 LaTeX kernel commands for general use (HO)
)
("C:\Users\c-baillie\AppData\Local\Programs\MiKTeX 2.9\tex/latex/pdftexcmds\pdf
texcmds.sty"
Package: pdftexcmds 2019/11/24 v0.31 Utility functions of pdfTeX for LuaTeX (HO
)

("C:\Users\c-baillie\AppData\Local\Programs\MiKTeX 2.9\tex/generic/infwarerr\in
fwarerr.sty"
Package: infwarerr 2019/12/03 v1.5 Providing info/warning/error messages (HO)
)
Package pdftexcmds Info: \pdf@primitive is available.
Package pdftexcmds Info: \pdf@ifprimitive is available.
Package pdftexcmds Info: \pdfdraftmode not found.
)
("C:\Users\c-baillie\AppData\Local\Programs\MiKTeX 2.9\tex/generic/kvsetkeys\kv
setkeys.sty"
Package: kvsetkeys 2019/12/15 v1.18 Key value parser (HO)
)
("C:\Users\c-baillie\AppData\Local\Programs\MiKTeX 2.9\tex/generic/kvdefinekeys
\kvdefinekeys.sty"
Package: kvdefinekeys 2019-12-19 v1.6 Define keys (HO)
)
("C:\Users\c-baillie\AppData\Local\Programs\MiKTeX 2.9\tex/generic/pdfescape\pd
fescape.sty"
Package: pdfescape 2019/12/09 v1.15 Implements pdfTeX's escape features (HO)
)
("C:\Users\c-baillie\AppData\Local\Programs\MiKTeX 2.9\tex/latex/hycolor\hycolo
r.sty"
Package: hycolor 2020-01-27 v1.10 Color options for hyperref/bookmark (HO)
)
("C:\Users\c-baillie\AppData\Local\Programs\MiKTeX 2.9\tex/latex/letltxmacro\le
tltxmacro.sty"
Package: letltxmacro 2019/12/03 v1.6 Let assignment for LaTeX macros (HO)
)
("C:\Users\c-baillie\AppData\Local\Programs\MiKTeX 2.9\tex/latex/auxhook\auxhoo
k.sty"
Package: auxhook 2019-12-17 v1.6 Hooks for auxiliary files (HO)
)
("C:\Users\c-baillie\AppData\Local\Programs\MiKTeX 2.9\tex/latex/kvoptions\kvop
tions.sty"
Package: kvoptions 2019/11/29 v3.13 Key value format for package options (HO)
)
\@linkdim=\dimen164
\Hy@linkcounter=\count276
\Hy@pagecounter=\count277

("C:\Users\c-baillie\AppData\Local\Programs\MiKTeX 2.9\tex/latex/hyperref\pd1en
c.def"
File: pd1enc.def 2020-05-15 v7.00e Hyperref: PDFDocEncoding definition (HO)
)
("C:\Users\c-baillie\AppData\Local\Programs\MiKTeX 2.9\tex/generic/intcalc\intc
alc.sty"
Package: intcalc 2019/12/15 v1.3 Expandable calculations with integers (HO)
)
("C:\Users\c-baillie\AppData\Local\Programs\MiKTeX 2.9\tex/generic/etexcmds\ete
xcmds.sty"
Package: etexcmds 2019/12/15 v1.7 Avoid name clashes with e-TeX commands (HO)
)
\Hy@SavedSpaceFactor=\count278
Package hyperref Info: Hyper figures OFF on input line 4464.
Package hyperref Info: Link nesting OFF on input line 4469.
Package hyperref Info: Hyper index ON on input line 4472.
Package hyperref Info: Plain pages OFF on input line 4479.
Package hyperref Info: Backreferencing OFF on input line 4484.
Package hyperref Info: Implicit mode ON; LaTeX internals redefined.
Package hyperref Info: Bookmarks ON on input line 4717.
\c@Hy@tempcnt=\count279

("C:\Users\c-baillie\AppData\Local\Programs\MiKTeX 2.9\tex/latex/url\url.sty"
\Urlmuskip=\muskip16
Package: url 2013/09/16  ver 3.4  Verb mode for urls, etc.
)
LaTeX Info: Redefining \url on input line 5076.
\XeTeXLinkMargin=\dimen165

("C:\Users\c-baillie\AppData\Local\Programs\MiKTeX 2.9\tex/generic/bitset\bitse
t.sty"
Package: bitset 2019/12/09 v1.3 Handle bit-vector datatype (HO)

("C:\Users\c-baillie\AppData\Local\Programs\MiKTeX 2.9\tex/generic/bigintcalc\b
igintcalc.sty"
Package: bigintcalc 2019/12/15 v1.5 Expandable calculations on big integers (HO
)
))
\Fld@menulength=\count280
\Field@Width=\dimen166
\Fld@charsize=\dimen167
Package hyperref Info: Hyper figures OFF on input line 6347.
Package hyperref Info: Link nesting OFF on input line 6352.
Package hyperref Info: Hyper index ON on input line 6355.
Package hyperref Info: backreferencing OFF on input line 6362.
Package hyperref Info: Link coloring OFF on input line 6367.
Package hyperref Info: Link coloring with OCG OFF on input line 6372.
Package hyperref Info: PDF/A mode OFF on input line 6377.
LaTeX Info: Redefining \ref on input line 6417.
LaTeX Info: Redefining \pageref on input line 6421.

("C:\Users\c-baillie\AppData\Local\Programs\MiKTeX 2.9\tex/generic/atbegshi\atb
egshi.sty"
Package: atbegshi 2019/12/05 v1.19 At begin shipout hook (HO)
)
\Hy@abspage=\count281
\c@Item=\count282
\c@Hfootnote=\count283
)
Package hyperref Info: Driver (autodetected): hxetex.

("C:\Users\c-baillie\AppData\Local\Programs\MiKTeX 2.9\tex/latex/hyperref\hxete
x.def"
File: hxetex.def 2020-05-15 v7.00e Hyperref driver for XeTeX

("C:\Users\c-baillie\AppData\Local\Programs\MiKTeX 2.9\tex/latex/hyperref\puenc
.def"
File: puenc.def 2020-05-15 v7.00e Hyperref: PDF Unicode definition (HO)
)
("C:\Users\c-baillie\AppData\Local\Programs\MiKTeX 2.9\tex/generic/stringenc\st
ringenc.sty"
Package: stringenc 2019/11/29 v1.12 Convert strings between diff. encodings (HO
)
)
\pdfm@box=\box50
\c@Hy@AnnotLevel=\count284
\HyField@AnnotCount=\count285
\Fld@listcount=\count286
\c@bookmark@seq@number=\count287

("C:\Users\c-baillie\AppData\Local\Programs\MiKTeX 2.9\tex/latex/rerunfilecheck
\rerunfilecheck.sty"
Package: rerunfilecheck 2019/12/05 v1.9 Rerun checks for auxiliary files (HO)

("C:\Users\c-baillie\AppData\Local\Programs\MiKTeX 2.9\tex/latex/atveryend\atve
ryend.sty"
Package: atveryend 2019-12-11 v1.11 Hooks at the very end of document (HO)
Package atveryend Info: \enddocument detected (standard20110627).
)
("C:\Users\c-baillie\AppData\Local\Programs\MiKTeX 2.9\tex/generic/uniquecounte
r\uniquecounter.sty"
Package: uniquecounter 2019/12/15 v1.4 Provide unlimited unique counter (HO)
)
Package uniquecounter Info: New unique counter `rerunfilecheck' on input line 2
86.
)
\Hy@SectionHShift=\skip53
)
Package hyperref Info: Option `colorlinks' set `true' on input line 90.

("C:\Users\c-baillie\AppData\Local\Programs\MiKTeX 2.9\tex/latex/changepage\cha
ngepage.sty"
Package: changepage 2009/10/20 v1.0c check page and change page layout
\c@cp@cntr=\count288
\cp@tempcnt=\count289
)
("C:\Users\c-baillie\AppData\Local\Programs\MiKTeX 2.9\tex/latex/footmisc\footm
isc.sty"
Package: footmisc 2011/06/06 v5.5b a miscellany of footnote facilities
\FN@temptoken=\toks20
\footnotemargin=\dimen168
\c@pp@next@reset=\count290
Package footmisc Info: Declaring symbol style bringhurst on input line 855.
Package footmisc Info: Declaring symbol style chicago on input line 863.
Package footmisc Info: Declaring symbol style wiley on input line 872.
Package footmisc Info: Declaring symbol style lamport-robust on input line 883.

Package footmisc Info: Declaring symbol style lamport* on input line 903.
Package footmisc Info: Declaring symbol style lamport*-robust on input line 924
.
)
("C:\Users\c-baillie\AppData\Local\Programs\MiKTeX 2.9\tex/latex/booktabs\bookt
abs.sty"
Package: booktabs 2020/01/12 v1.61803398 Publication quality tables
\heavyrulewidth=\dimen169
\lightrulewidth=\dimen170
\cmidrulewidth=\dimen171
\belowrulesep=\dimen172
\belowbottomsep=\dimen173
\aboverulesep=\dimen174
\abovetopsep=\dimen175
\cmidrulesep=\dimen176
\cmidrulekern=\dimen177
\defaultaddspace=\dimen178
\@cmidla=\count291
\@cmidlb=\count292
\@aboverulesep=\dimen179
\@belowrulesep=\dimen180
\@thisruleclass=\count293
\@lastruleclass=\count294
\@thisrulewidth=\dimen181
)
("C:\Users\c-baillie\AppData\Local\Programs\MiKTeX 2.9\tex/latex/tools\tabularx
.sty"
Package: tabularx 2020/01/15 v2.11c `tabularx' package (DPC)
\TX@col@width=\dimen182
\TX@old@table=\dimen183
\TX@old@col=\dimen184
\TX@target=\dimen185
\TX@delta=\dimen186
\TX@cols=\count295
\TX@ftn=\toks21
)
("C:\Users\c-baillie\AppData\Local\Programs\MiKTeX 2.9\tex/latex/tools\longtabl
e.sty"
Package: longtable 2020/01/07 v4.13 Multi-page Table package (DPC)
\LTleft=\skip54
\LTright=\skip55
\LTpre=\skip56
\LTpost=\skip57
\LTchunksize=\count296
\LTcapwidth=\dimen187
\LT@head=\box51
\LT@firsthead=\box52
\LT@foot=\box53
\LT@lastfoot=\box54
\LT@cols=\count297
\LT@rows=\count298
\c@LT@tables=\count299
\c@LT@chunks=\count300
\LT@p@ftn=\toks22
)
("C:\Users\c-baillie\AppData\Local\Programs\MiKTeX 2.9\tex/latex/multirow\multi
row.sty"
Package: multirow 2019/05/31 v2.5 Span multiple rows of a table
\multirow@colwidth=\skip58
\multirow@cntb=\count301
\multirow@dima=\skip59
\bigstrutjot=\dimen188
)
("C:\Users\c-baillie\AppData\Local\Programs\MiKTeX 2.9\tex/latex/subfig\subfig.
sty"
Package: subfig 2005/06/28 ver: 1.3 subfig package
\c@KVtest=\count302
\sf@farskip=\skip60
\sf@captopadj=\dimen189
\sf@capskip=\skip61
\sf@nearskip=\skip62
\c@subfigure=\count303
\c@subfigure@save=\count304
\c@lofdepth=\count305
\c@subtable=\count306
\c@subtable@save=\count307
\c@lotdepth=\count308
\sf@top=\skip63
\sf@bottom=\skip64
)
("C:\Users\c-baillie\AppData\Local\Programs\MiKTeX 2.9\tex/latex/titlesec\title
sec.sty"
Package: titlesec 2019/10/16 v2.13 Sectioning titles
\ttl@box=\box55
\beforetitleunit=\skip65
\aftertitleunit=\skip66
\ttl@plus=\dimen190
\ttl@minus=\dimen191
\ttl@toksa=\toks23
\titlewidth=\dimen192
\titlewidthlast=\dimen193
\titlewidthfirst=\dimen194

("C:\Users\c-baillie\AppData\Local\Programs\MiKTeX 2.9\tex/latex/titlesec\title
ps.sty"))
("C:\Users\c-baillie\AppData\Local\Programs\MiKTeX 2.9\tex/latex/draftwatermark
\draftwatermark.sty"
Package: draftwatermark 2020/05/11 2.1 Put a gray textual watermark on document
 pages

("C:\Users\c-baillie\AppData\Local\Programs\MiKTeX 2.9\tex/latex/everypage\ever
ypage.sty"
Package: everypage 2007/06/20 1.1 Hooks to run on every page
))
("C:\Users\c-baillie\AppData\Local\Programs\MiKTeX 2.9\tex/latex/parskip\parski
p.sty"
Package: parskip 2020-06-15 v2.0f non-zero parskip adjustments

("C:\Users\c-baillie\AppData\Local\Programs\MiKTeX 2.9\tex/latex/etoolbox\etool
box.sty"
Package: etoolbox 2019/09/21 v2.5h e-TeX tools for LaTeX (JAW)
\etb@tempcnta=\count309
))
("C:\Users\c-baillie\AppData\Local\Programs\MiKTeX 2.9\tex/latex/upquote\upquot
e.sty"
Package: upquote 2012/04/19 v1.3 upright-quote and grave-accent glyphs in verba
tim

("C:\Users\c-baillie\AppData\Local\Programs\MiKTeX 2.9\tex/latex/base\textcomp.
sty"
Package: textcomp 2020/02/02 v2.0n Standard LaTeX package
))
("C:\Users\c-baillie\OneDrive - DFID\Documents\dev\SDPResults\report\main.aux"
(doc/titlepage/titlepage.aux) (doc/frontmatter/frontmatter.aux)
(doc/intro/intro.aux) (doc/a2f/a2f.aux) (doc/cdc/cdc.aux)
(doc/climate/climate.aux) (doc/devcap/devcap.aux) (doc/education/education.aux)
(doc/energy/energy.aux) (doc/family/family.aux) (doc/fcas/fcas.aux)
(doc/humanitarian/humanitarian.aux) (doc/immunisation/immunisation.aux)
(doc/tax/tax.aux) (doc/multi/multi.aux) (doc/jobs/jobs.aux)
(doc/malaria_spend/malaria_spend.aux) (doc/ntd_spend/ntd_spend.aux)
(doc/ntd/ntd.aux) (doc/nutrition/nutrition.aux) (doc/oda/oda.aux)
(doc/pqi/pqi.aux) (doc/private/private.aux) (doc/polio/polio.aux)
(doc/pfm/pfm.aux) (doc/wash/wash.aux))
\openout1 = `main.aux'.

LaTeX Font Info:    Checking defaults for OML/cmm/m/it on input line 139.
LaTeX Font Info:    ... okay on input line 139.
LaTeX Font Info:    Checking defaults for OMS/cmsy/m/n on input line 139.
LaTeX Font Info:    ... okay on input line 139.
LaTeX Font Info:    Checking defaults for OT1/cmr/m/n on input line 139.
LaTeX Font Info:    ... okay on input line 139.
LaTeX Font Info:    Checking defaults for T1/cmr/m/n on input line 139.
LaTeX Font Info:    ... okay on input line 139.
LaTeX Font Info:    Checking defaults for TS1/cmr/m/n on input line 139.
LaTeX Font Info:    Trying to load font information for TS1+cmr on input line 1
39.

("C:\Users\c-baillie\AppData\Local\Programs\MiKTeX 2.9\tex/latex/base\ts1cmr.fd
"
File: ts1cmr.fd 2019/12/16 v2.5j Standard LaTeX font definitions
)
LaTeX Font Info:    ... okay on input line 139.
LaTeX Font Info:    Checking defaults for TU/lmr/m/n on input line 139.
LaTeX Font Info:    ... okay on input line 139.
LaTeX Font Info:    Checking defaults for OMX/cmex/m/n on input line 139.
LaTeX Font Info:    ... okay on input line 139.
LaTeX Font Info:    Checking defaults for U/cmr/m/n on input line 139.
LaTeX Font Info:    ... okay on input line 139.
LaTeX Font Info:    Checking defaults for PD1/pdf/m/n on input line 139.
LaTeX Font Info:    ... okay on input line 139.
LaTeX Font Info:    Checking defaults for PU/pdf/m/n on input line 139.
LaTeX Font Info:    ... okay on input line 139.

*geometry* detected driver: pdftex
*geometry* verbose mode - [ preamble ] result:
* driver: pdftex
* paper: a4paper
* layout: <same size as paper>
* layoutoffset:(h,v)=(0.0pt,0.0pt)
* modes: 
* h-part:(L,W,R)=(72.26999pt, 452.9679pt, 72.26999pt)
* v-part:(T,H,B)=(72.26999pt, 700.50687pt, 72.26999pt)
* \paperwidth=597.50787pt
* \paperheight=845.04684pt
* \textwidth=452.9679pt
* \textheight=700.50687pt
* \oddsidemargin=0.0pt
* \evensidemargin=0.0pt
* \topmargin=-37.0pt
* \headheight=12.0pt
* \headsep=25.0pt
* \topskip=10.0pt
* \footskip=30.0pt
* \marginparwidth=65.0pt
* \marginparsep=11.0pt
* \columnsep=10.0pt
* \skip\footins=9.0pt plus 4.0pt minus 2.0pt
* \hoffset=0.0pt
* \voffset=0.0pt
* \mag=1000
* \@twocolumnfalse
* \@twosidefalse
* \@mparswitchfalse
* \@reversemarginfalse
* (1in=72.27pt=25.4mm, 1cm=28.453pt)


Package fontspec Info: Adjusting the maths setup (use [no-math] to avoid
(fontspec)             this).

\symlegacymaths=\mathgroup6
LaTeX Font Info:    Overwriting symbol font `legacymaths' in version `bold'
(Font)                  OT1/cmr/m/n --> OT1/cmr/bx/n on input line 139.
LaTeX Font Info:    Redeclaring math accent \acute on input line 139.
LaTeX Font Info:    Redeclaring math accent \grave on input line 139.
LaTeX Font Info:    Redeclaring math accent \ddot on input line 139.
LaTeX Font Info:    Redeclaring math accent \tilde on input line 139.
LaTeX Font Info:    Redeclaring math accent \bar on input line 139.
LaTeX Font Info:    Redeclaring math accent \breve on input line 139.
LaTeX Font Info:    Redeclaring math accent \check on input line 139.
LaTeX Font Info:    Redeclaring math accent \hat on input line 139.
LaTeX Font Info:    Redeclaring math accent \dot on input line 139.
LaTeX Font Info:    Redeclaring math accent \mathring on input line 139.
LaTeX Font Info:    Redeclaring math symbol \colon on input line 139.
LaTeX Font Info:    Redeclaring math symbol \Gamma on input line 139.
LaTeX Font Info:    Redeclaring math symbol \Delta on input line 139.
LaTeX Font Info:    Redeclaring math symbol \Theta on input line 139.
LaTeX Font Info:    Redeclaring math symbol \Lambda on input line 139.
LaTeX Font Info:    Redeclaring math symbol \Xi on input line 139.
LaTeX Font Info:    Redeclaring math symbol \Pi on input line 139.
LaTeX Font Info:    Redeclaring math symbol \Sigma on input line 139.
LaTeX Font Info:    Redeclaring math symbol \Upsilon on input line 139.
LaTeX Font Info:    Redeclaring math symbol \Phi on input line 139.
LaTeX Font Info:    Redeclaring math symbol \Psi on input line 139.
LaTeX Font Info:    Redeclaring math symbol \Omega on input line 139.
LaTeX Font Info:    Redeclaring math symbol \mathdollar on input line 139.
LaTeX Font Info:    Redeclaring symbol font `operators' on input line 139.
LaTeX Font Info:    Encoding `OT1' has changed to `TU' for symbol font
(Font)              `operators' in the math version `normal' on input line 139.

LaTeX Font Info:    Overwriting symbol font `operators' in version `normal'
(Font)                  OT1/cmr/m/n --> TU/GDSTransportWebsite(0)/m/n on input 
line 139.
LaTeX Font Info:    Encoding `OT1' has changed to `TU' for symbol font
(Font)              `operators' in the math version `bold' on input line 139.
LaTeX Font Info:    Overwriting symbol font `operators' in version `bold'
(Font)                  OT1/cmr/bx/n --> TU/GDSTransportWebsite(0)/m/n on input
 line 139.
LaTeX Font Info:    Overwriting symbol font `operators' in version `normal'
(Font)                  TU/GDSTransportWebsite(0)/m/n --> TU/GDSTransportWebsit
e(0)/m/n on input line 139.
LaTeX Font Info:    Overwriting math alphabet `\mathit' in version `normal'
(Font)                  OT1/cmr/m/it --> TU/GDSTransportWebsite(0)/m/it on inpu
t line 139.
LaTeX Font Info:    Overwriting math alphabet `\mathbf' in version `normal'
(Font)                  OT1/cmr/bx/n --> TU/GDSTransportWebsite(0)/b/n on input
 line 139.
LaTeX Font Info:    Overwriting math alphabet `\mathsf' in version `normal'
(Font)                  OT1/cmss/m/n --> TU/lmss/m/n on input line 139.
LaTeX Font Info:    Overwriting math alphabet `\mathtt' in version `normal'
(Font)                  OT1/cmtt/m/n --> TU/lmtt/m/n on input line 139.
LaTeX Font Info:    Overwriting symbol font `operators' in version `bold'
(Font)                  TU/GDSTransportWebsite(0)/m/n --> TU/GDSTransportWebsit
e(0)/b/n on input line 139.
LaTeX Font Info:    Overwriting math alphabet `\mathit' in version `bold'
(Font)                  OT1/cmr/bx/it --> TU/GDSTransportWebsite(0)/b/it on inp
ut line 139.
LaTeX Font Info:    Overwriting math alphabet `\mathsf' in version `bold'
(Font)                  OT1/cmss/bx/n --> TU/lmss/b/n on input line 139.
LaTeX Font Info:    Overwriting math alphabet `\mathtt' in version `bold'
(Font)                  OT1/cmtt/m/n --> TU/lmtt/b/n on input line 139.
Package caption Info: Begin \AtBeginDocument code.
Package caption Info: subfig package v1.3 is loaded.
Package caption Info: hyperref package is loaded.
Package caption Info: longtable package is loaded.

("C:\Users\c-baillie\AppData\Local\Programs\MiKTeX 2.9\tex/latex/caption\ltcapt
ion.sty"
Package: ltcaption 2018/08/26 v1.4a longtable captions (AR)
)
Package caption Info: End \AtBeginDocument code.
\AtBeginShipoutBox=\box56
Package hyperref Info: Link coloring ON on input line 139.

("C:\Users\c-baillie\AppData\Local\Programs\MiKTeX 2.9\tex/latex/hyperref\namer
ef.sty"
Package: nameref 2019/09/16 v2.46 Cross-referencing by name of section

("C:\Users\c-baillie\AppData\Local\Programs\MiKTeX 2.9\tex/latex/refcount\refco
unt.sty"
Package: refcount 2019/12/15 v3.6 Data extraction from label references (HO)
)
("C:\Users\c-baillie\AppData\Local\Programs\MiKTeX 2.9\tex/generic/gettitlestri
ng\gettitlestring.sty"
Package: gettitlestring 2019/12/15 v1.6 Cleanup title references (HO)
)
\c@section@level=\count310
)
LaTeX Info: Redefining \ref on input line 139.
LaTeX Info: Redefining \pageref on input line 139.
LaTeX Info: Redefining \nameref on input line 139.

("C:\Users\c-baillie\OneDrive - DFID\Documents\dev\SDPResults\report\main.out")
("C:\Users\c-baillie\OneDrive - DFID\Documents\dev\SDPResults\report\main.out")
\@outlinefile=\write3
\openout3 = `main.out'.

\openout2 = `doc/titlepage/titlepage.aux'.

(doc/titlepage/titlepage.tex
File: ../images/dfid.jpg Graphic file (type bmp)
<../images/dfid.jpg>
File: ../images/ukaid.png Graphic file (type bmp)
<../images/ukaid.png>
LaTeX Font Info:    Trying to load font information for U+msa on input line 25.


("C:\Users\c-baillie\AppData\Local\Programs\MiKTeX 2.9\tex/latex/amsfonts\umsa.
fd"
File: umsa.fd 2013/01/14 v3.01 AMS symbols A
)
LaTeX Font Info:    Trying to load font information for U+msb on input line 25.


("C:\Users\c-baillie\AppData\Local\Programs\MiKTeX 2.9\tex/latex/amsfonts\umsb.
fd"
File: umsb.fd 2013/01/14 v3.01 AMS symbols B
)
Overfull \hbox (10.6521pt too wide) in paragraph at lines 20--26
[]$[]$ 
 []


("C:\Users\c-baillie\AppData\Local\Programs\MiKTeX 2.9\tex/generic/stringenc\se
-ascii-print.def"
File: se-ascii-print.def 2019/11/29 v1.12 stringenc: Printable ASCII characters

) [1


])
\openout2 = `doc/frontmatter/frontmatter.aux'.

 (doc/frontmatter/frontmatter.tex
("C:\Users\c-baillie\OneDrive - DFID\Documents\dev\SDPResults\report\main.toc")
\tf@toc=\write4
\openout4 = `main.toc'.

[2



])
\openout2 = `doc/intro/intro.aux'.

 (doc/intro/intro.tex [1




])
\openout2 = `doc/a2f/a2f.aux'.

 (doc/a2f/a2f.tex
Chapter 1.
File: ../figs/a2f_region_plot.pdf Graphic file (type pdf)
<use ../figs/a2f_region_plot.pdf>
[2



] [3])
\openout2 = `doc/cdc/cdc.aux'.

 (doc/cdc/cdc.tex
Chapter 2.

Underfull \hbox (badness 10000) in paragraph at lines 17--20

 []


Underfull \hbox (badness 10000) in paragraph at lines 21--23

 []


Underfull \hbox (badness 10000) in paragraph at lines 24--28

 []

[4



])
\openout2 = `doc/climate/climate.aux'.

 (doc/climate/climate.tex
Chapter 3.

Underfull \hbox (badness 10000) in paragraph at lines 13--15

 []


Underfull \hbox (badness 10000) in paragraph at lines 20--22

 []

File: ../figs/climate_spend_plot.pdf Graphic file (type pdf)
<use ../figs/climate_spend_plot.pdf>

Underfull \hbox (badness 10000) in paragraph at lines 36--38

 []


Underfull \hbox (badness 10000) in paragraph at lines 44--46

 []

[5



]
Underfull \hbox (badness 10000) in paragraph at lines 47--49

 []


Underfull \hbox (badness 10000) in paragraph at lines 50--54

 []


Underfull \hbox (badness 10000) in paragraph at lines 55--57

 []


Underfull \hbox (badness 10000) in paragraph at lines 58--61

 []

[6] [7])
\openout2 = `doc/devcap/devcap.aux'.

 (doc/devcap/devcap.tex
Chapter 4.

Overfull \hbox (21.61644pt too wide) in paragraph at lines 1--1
|\TU/GDSTransportWebsite(0)/b/n/24.88 Development Capital Investment Levels| 
 []


Overfull \hbox (6.38971pt too wide) in paragraph at lines 3--3
|\TU/GDSTransportWebsite(0)/b/n/14.4 Levels of development capital investment —
 cumulative GBP from 2015-
 []

[8



])
\openout2 = `doc/education/education.aux'.

 (doc/education/education.tex
Chapter 5.
File: ../figs/education_fragility_plot.pdf Graphic file (type pdf)
<use ../figs/education_fragility_plot.pdf>
File: ../figs/education_region_plot.pdf Graphic file (type pdf)
<use ../figs/education_region_plot.pdf>
[9



]
Underfull \hbox (badness 10000) in paragraph at lines 46--46
[][][]\TU/GDSTransportWebsite(0)/m/n/8 Montenegro, C. and Patrinos, H. (2014). 
Comparable Estimates of Returns to Schooling Around
 []


Underfull \hbox (badness 10000) in paragraph at lines 46--46
\TU/GDSTransportWebsite(0)/m/n/8 the World. Policy Research Working Paper. Wash
ington DC: World Bank. Available from:
 []


Underfull \hbox (badness 5726) in paragraph at lines 52--52
[][][]\TU/GDSTransportWebsite(0)/m/n/8 De Neve, J., Fink, G., Subramanian, S. V
., Moyo, S., and Bor, J. (2015). Length of Secondary Schooling and Risk
 []


Underfull \hbox (badness 10000) in paragraph at lines 52--52
\TU/GDSTransportWebsite(0)/m/n/8 of HIV Infection in Botswana: Evidence From a 
Natural Experiment. The Lancet, 3: e470-477. Available from:
 []

[10] [11])
\openout2 = `doc/energy/energy.aux'.

 (doc/energy/energy.tex
Chapter 6.
File: ../figs/energy_cumulative_plot.pdf Graphic file (type pdf)
<use ../figs/energy_cumulative_plot.pdf>
[12



] [13])
\openout2 = `doc/family/family.aux'.

 (doc/family/family.tex
Chapter 7.
File: ../figs/fp_total_region_plot.pdf Graphic file (type pdf)
<use ../figs/fp_total_region_plot.pdf>
File: ../figs/fp_total_fragility_plot.pdf Graphic file (type pdf)
<use ../figs/fp_total_fragility_plot.pdf>
File: ../figs/fp_additional_region_plot.pdf Graphic file (type pdf)
<use ../figs/fp_additional_region_plot.pdf>
File: ../figs/fp_additional_fragility_plot.pdf Graphic file (type pdf)
<use ../figs/fp_additional_fragility_plot.pdf>
[14



] [15] [16] [17])
\openout2 = `doc/fcas/fcas.aux'.

 (doc/fcas/fcas.tex
Chapter 8.

Overfull \hbox (1.92384pt too wide) in paragraph at lines 1--1
|\TU/GDSTransportWebsite(0)/b/n/24.88 Fragile and Conflicted Affected States| 
 []


Underfull \hbox (badness 10000) in paragraph at lines 13--18

 []


Underfull \hbox (badness 10000) in paragraph at lines 19--20

 []


Underfull \hbox (badness 10000) in paragraph at lines 23--24

 []

[18



] [19])
\openout2 = `doc/humanitarian/humanitarian.aux'.

 (doc/humanitarian/humanitarian.tex
Chapter 9.

Overfull \hbox (0.38306pt too wide) in paragraph at lines 3--3
|\TU/GDSTransportWebsite(0)/b/n/14.4 Number of people reached with humanitarian
 assistance (food aid, cash
 []

File: ../figs/human_region_plot.pdf Graphic file (type pdf)
<use ../figs/human_region_plot.pdf>
File: ../figs/human_fragility_plot.pdf Graphic file (type pdf)
<use ../figs/human_fragility_plot.pdf>

Overfull \hbox (5.8115pt too wide) in paragraph at lines 56--60
\TU/GDSTransportWebsite(0)/m/n/10 opment aid, which seeks to address the underl
ying causes which may have led to a crisis or emergency. 
 []

[20



] [21]
Overfull \hbox (34.87563pt too wide) in paragraph at lines 71--73
\TU/GDSTransportWebsite(0)/m/n/10 cent of the $29.7bn financial requirement was
 met, leaving unmet requirements, or a funding gap, of $13.7bn. 
 []


Overfull \hbox (11.59273pt too wide) in paragraph at lines 90--91
[]\TU/GDSTransportWebsite(0)/m/n/10 Deliver bigger, better, faster responses to
 rapid onset disasters when national systems are overwhelmed,
 []

[22] [23])
\openout2 = `doc/immunisation/immunisation.aux'.

 (doc/immunisation/immunisation.tex
Chapter 10.

Overfull \hbox (8.63118pt too wide) in paragraph at lines 3--3
|\TU/GDSTransportWebsite(0)/b/n/14.4 Number of lives saved by immunising childr
en against killer diseases| 
 []


Underfull \hbox (badness 10000) in paragraph at lines 17--19

 []

[24



])
\openout2 = `doc/tax/tax.aux'.

 (doc/tax/tax.tex
Chapter 11.

Underfull \hbox (badness 10000) in paragraph at lines 15--17

 []


Underfull \hbox (badness 10000) in paragraph at lines 18--20

 []


Underfull \hbox (badness 10000) in paragraph at lines 21--26

 []

[25



])
\openout2 = `doc/multi/multi.aux'.

 (doc/multi/multi.tex
Chapter 12.
[26



])
\openout2 = `doc/jobs/jobs.aux'.

 (doc/jobs/jobs.tex
Chapter 13.
File: ../figs/jobs_region_plot.pdf Graphic file (type pdf)
<use ../figs/jobs_region_plot.pdf>

Overfull \hbox (14.3206pt too wide) in paragraph at lines 30--31
\TU/GDSTransportWebsite(0)/m/n/10 Of the total 5.1 million people supported to 
raise their incomes or maintain/gain a better job or livelihood: 
 []

[27



] [28])
\openout2 = `doc/malaria_spend/malaria_spend.aux'.

 (doc/malaria_spend/malaria_spend.tex
Chapter 14.
[29



])
\openout2 = `doc/ntd_spend/ntd_spend.aux'.

 (doc/ntd_spend/ntd_spend.tex
Chapter 15.

Overfull \hbox (21.00764pt too wide) in paragraph at lines 3--3
\TU/GDSTransportWebsite(0)/b/n/14.4 rectly on Neglected Tropical Diseases (NTD)
 implementation programmes
 []


Overfull \hbox (7.53728pt too wide) in paragraph at lines 28--30
\TU/GDSTransportWebsite(0)/m/n/10 mentation programmes to protect over 200 mill
ion people from NTDs. Aims of the investment include: 
 []


Overfull \hbox (10.59988pt too wide) in paragraph at lines 32--33
[]\TU/GDSTransportWebsite(0)/m/n/10 Preventing tens of thousands of cases of di
sability caused by lymphatic filariasis, a mosquito-transmitted
 []

[30



] [31])
\openout2 = `doc/ntd/ntd.aux'.

 (doc/ntd/ntd.tex
Chapter 16.

Overfull \hbox (4.65384pt too wide) in paragraph at lines 3--3
|\TU/GDSTransportWebsite(0)/b/n/14.4 Number of people receiving treatment or ca
re for one or more neglected
 []


Underfull \hbox (badness 10000) in paragraph at lines 47--53

 []

[32



]
Underfull \hbox (badness 10000) in paragraph at lines 54--57

 []


Overfull \hbox (10.59988pt too wide) in paragraph at lines 63--64
[]\TU/GDSTransportWebsite(0)/m/n/10 Preventing tens of thousands of cases of di
sability caused by lymphatic filariasis, a mosquito-transmitted
 []


Overfull \hbox (5.33623pt too wide) in paragraph at lines 76--78
\TU/GDSTransportWebsite(0)/m/n/10 summary of the health impacts of each of DFID
’s six focal NTDs, and the primary interventions applied. 
 []


Underfull \hbox (badness 2096) in paragraph at lines 86--86
[]|[]\TU/GDSTransportWebsite(0)/m/n/10 Lymphatic filar-
 []


Overfull \hbox (1.80368pt too wide) in paragraph at lines 88--88
[]|\TU/GDSTransportWebsite(0)/m/n/10 Schistosomiasis
 []


Underfull \hbox (badness 10000) in paragraph at lines 89--89
[]|\TU/GDSTransportWebsite(0)/m/n/10 Visceral leish-
 []


Underfull \hbox (badness 10000) in paragraph at lines 90--90
[]|\TU/GDSTransportWebsite(0)/m/n/10 Onchocerciasis
 []


Underfull \hbox (badness 10000) in paragraph at lines 90--90
\TU/GDSTransportWebsite(0)/m/n/10 (river blind-
 []


Underfull \hbox (badness 10000) in paragraph at lines 91--92
[]|\TU/GDSTransportWebsite(0)/m/n/10 Other preventive mea-
 []

[33])
\openout2 = `doc/nutrition/nutrition.aux'.

 (doc/nutrition/nutrition.tex
Chapter 17.
File: ../figs/nutrition_region_plot.pdf Graphic file (type pdf)
<use ../figs/nutrition_region_plot.pdf>
File: ../figs/nutrition_fragility_plot.pdf Graphic file (type pdf)
<use ../figs/nutrition_fragility_plot.pdf>
[34



]
File: ../figs/nutrition_intensity_plot.pdf Graphic file (type pdf)
<use ../figs/nutrition_intensity_plot.pdf>

Underfull \hbox (badness 4303) in paragraph at lines 62--62
[][][]\TU/GDSTransportWebsite(0)/m/n/8 UNICEF/WHO/World Bank Group (2020). Join
t Child Malnutrition Estimates 2018 edition. New York. Available at:
 []

[35] [36])
\openout2 = `doc/oda/oda.aux'.

 (doc/oda/oda.tex
Chapter 18.

Overfull \hbox (15.60298pt too wide) in paragraph at lines 1--1
|\TU/GDSTransportWebsite(0)/b/n/24.88 Official Development Assistance (ODA)| 
 []


Overfull \hbox (3.10378pt too wide) in paragraph at lines 3--3
\TU/GDSTransportWebsite(0)/b/n/14.4 UK target to spend 0.7% of gross national i
ncome per calendar year.| 
 []


Underfull \hbox (badness 10000) in paragraph at lines 13--16

 []


Underfull \hbox (badness 10000) in paragraph at lines 19--21

 []

File: ../figs/oda_gni_plot.pdf Graphic file (type pdf)
<use ../figs/oda_gni_plot.pdf>
[37



] [38])
\openout2 = `doc/pqi/pqi.aux'.

 (doc/pqi/pqi.tex
Chapter 19.
[39



])
\openout2 = `doc/private/private.aux'.

 (doc/private/private.tex
Chapter 20.

Underfull \hbox (badness 10000) in paragraph at lines 11--12

 []

[40



])
\openout2 = `doc/polio/polio.aux'.

 (doc/polio/polio.tex
Chapter 21.

Underfull \hbox (badness 10000) in paragraph at lines 12--13

 []


Underfull \hbox (badness 10000) in paragraph at lines 14--15

 []


Underfull \hbox (badness 10000) in paragraph at lines 16--18

 []


Underfull \hbox (badness 10000) in paragraph at lines 25--29

 []


Underfull \hbox (badness 10000) in paragraph at lines 30--31

 []

[41



])
\openout2 = `doc/pfm/pfm.aux'.

 (doc/pfm/pfm.tex
Chapter 22.

Overfull \hbox (2.05849pt too wide) in paragraph at lines 3--3
|\TU/GDSTransportWebsite(0)/b/n/14.4 Number of countries supported by DFID to m
anage their public finances
 []


Overfull \hbox (20.47185pt too wide) in paragraph at lines 9--11
\TU/GDSTransportWebsite(0)/m/n/10 extractives) more transparently. This compare
s with 40 countries in 2018/19 and 39 countries in 2017/18. 
 []

File: ../figs/pfm_plot.pdf Graphic file (type pdf)
<use ../figs/pfm_plot.pdf>
[42



] [43])
\openout2 = `doc/wash/wash.aux'.

 (doc/wash/wash.tex
Chapter 23.
File: ../figs/wash_region_plot.pdf Graphic file (type pdf)
<use ../figs/wash_region_plot.pdf>

Overfull \hbox (5.00029pt too wide) in paragraph at lines 19--22
[]\TU/GDSTransportWebsite(0)/m/n/10 From 2015 to 2020, Africa was the largest b
eneficiary of DFID Water Supply, Sanitation and Hygiene (WASH)
 []

File: ../figs/wash_fragility_plot.pdf Graphic file (type pdf)
<use ../figs/wash_fragility_plot.pdf>

Overfull \hbox (4.3922pt too wide) in paragraph at lines 30--32
\TU/GDSTransportWebsite(0)/m/n/10 states (37.8 million beneficiaries), includin
g 17.4 million beneficiaries living in extremely fragile states. 
 []

[44



]
Overfull \hbox (2.942pt too wide) in paragraph at lines 38--42
\TU/GDSTransportWebsite(0)/m/n/10 Successive governments have emphasised the im
portance of water supply and sanitation to support broader
 []


Overfull \hbox (28.08197pt too wide) in paragraph at lines 43--44
\TU/GDSTransportWebsite(0)/m/n/10 prevalent neglected tropical diseases, includ
ing trachoma, schistosomiasis and soil transmitted helminths. 
 []

[45] [46]) [47

]
Package atveryend Info: Empty hook `BeforeClearDocument' on input line 185.
Package atveryend Info: Empty hook `AfterLastShipout' on input line 185.

("C:\Users\c-baillie\OneDrive - DFID\Documents\dev\SDPResults\report\main.aux"
(doc/titlepage/titlepage.aux) (doc/frontmatter/frontmatter.aux)
(doc/intro/intro.aux) (doc/a2f/a2f.aux) (doc/cdc/cdc.aux)
(doc/climate/climate.aux) (doc/devcap/devcap.aux) (doc/education/education.aux)
(doc/energy/energy.aux) (doc/family/family.aux) (doc/fcas/fcas.aux)
(doc/humanitarian/humanitarian.aux) (doc/immunisation/immunisation.aux)
(doc/tax/tax.aux) (doc/multi/multi.aux) (doc/jobs/jobs.aux)
(doc/malaria_spend/malaria_spend.aux) (doc/ntd_spend/ntd_spend.aux)
(doc/ntd/ntd.aux) (doc/nutrition/nutrition.aux) (doc/oda/oda.aux)
(doc/pqi/pqi.aux) (doc/private/private.aux) (doc/polio/polio.aux)
(doc/pfm/pfm.aux) (doc/wash/wash.aux))
Package atveryend Info: Empty hook `AtVeryEndDocument' on input line 185.
Package atveryend Info: Executing hook `AtEndAfterFileList' on input line 185.
Package rerunfilecheck Info: File `main.out' has not changed.
(rerunfilecheck)             Checksum: 1021D740DA5FE066F6020DF7A8F345D4;1543.
Package atveryend Info: Empty hook `AtVeryVeryEnd' on input line 185.
 ) 
Here is how much of TeX's memory you used:
 15928 strings out of 414076
 289886 string characters out of 2893140
 643772 words of memory out of 3000000
 33136 multiletter control sequences out of 15000+200000
 538041 words of font info for 69 fonts, out of 3000000 for 9000
 1348 hyphenation exceptions out of 8191
 44i,14n,70p,1251b,370s stack positions out of 5000i,500n,10000p,200000b,50000s

Output written on C:\Users\c-baillie\OneDrive - DFID\Documents\dev\SDPResults\r
eport\main.pdf (49 pages).
