\BOOKMARK [0][-]{chapter*.2}{Introduction}{}% 1
\BOOKMARK [0][-]{chapter.1}{Access\040to\040Finance}{}% 2
\BOOKMARK [0][-]{chapter.2}{CDC\040Development\040Impact\040Grid\040Score}{}% 3
\BOOKMARK [0][-]{chapter.3}{Climate\040Finance}{}% 4
\BOOKMARK [0][-]{chapter.4}{Development\040Capital\040Investment\040Levels}{}% 5
\BOOKMARK [0][-]{chapter.5}{Education}{}% 6
\BOOKMARK [0][-]{chapter.6}{Energy}{}% 7
\BOOKMARK [0][-]{chapter.7}{Family\040Planning}{}% 8
\BOOKMARK [0][-]{chapter.8}{Fragile\040and\040Conflict\040Affected\040States}{}% 9
\BOOKMARK [0][-]{chapter.9}{Humanitarian}{}% 10
\BOOKMARK [0][-]{chapter.10}{Immunisations}{}% 11
\BOOKMARK [0][-]{chapter.11}{Improving\040Tax\040Systems}{}% 12
\BOOKMARK [0][-]{chapter.12}{Investment\040in\040the\040Multilateral\040System}{}% 13
\BOOKMARK [0][-]{chapter.13}{Jobs\040and\040Income}{}% 14
\BOOKMARK [0][-]{chapter.14}{Malaria:\040Spend}{}% 15
\BOOKMARK [0][-]{chapter.15}{Neglected\040Tropical\040Diseases:\040Spend}{}% 16
\BOOKMARK [0][-]{chapter.16}{Neglected\040Tropical\040Diseases}{}% 17
\BOOKMARK [0][-]{chapter.17}{Nutrition}{}% 18
\BOOKMARK [0][-]{chapter.18}{Official\040Development\040Assistance\040\(ODA\)}{}% 19
\BOOKMARK [0][-]{chapter.19}{Portfolio\040Quality\040Index}{}% 20
\BOOKMARK [0][-]{chapter.20}{Private\040Sector\040Investment}{}% 21
\BOOKMARK [0][-]{chapter.21}{Progress\040Towards\040Polio\040Eradication}{}% 22
\BOOKMARK [0][-]{chapter.22}{Public\040Financial\040Management}{}% 23
\BOOKMARK [0][-]{chapter.23}{Water,\040Sanitation\040and\040Hygiene}{}% 24
